



(Not all processes could be identified, non-owned process info
 will not be shown, you would have to be root to see it all.)
(Not all processes could be identified, non-owned process info
 will not be shown, you would have to be root to see it all.)
(Not all processes could be identified, non-owned process info
 will not be shown, you would have to be root to see it all.)
(Not all processes could be identified, non-owned process info
 will not be shown, you would have to be root to see it all.)
(Not all processes could be identified, non-owned process info
 will not be shown, you would have to be root to see it all.)
(Not all processes could be identified, non-owned process info
 will not be shown, you would have to be root to see it all.)
Tue Aug 13 2024 08:48:57:214 GMT+0100 (WAT) -- [ERROR] Another instance of BrowserStack Binary is running with on your system with PID: 7167
Tue Aug 13 2024 08:48:57:222 GMT+0100 (WAT) -- [ERROR] Another instance of BrowserStack Binary is running with on your system with PID: 7167
Tue Aug 13 2024 08:48:57:215 GMT+0100 (WAT) -- [ERROR] Please close it and try again
Tue Aug 13 2024 08:48:57:215 GMT+0100 (WAT) -- [ERROR] SYS_CONFLICT:1001 https://browserstack.com/docs/local-testing/binary/errors/1001
Tue Aug 13 2024 08:48:57:891 GMT+0100 (WAT) -- You can learn more about BrowserStack Binary flags by running ./BrowserStackLocal --help
Tue Aug 13 2024 08:48:57:223 GMT+0100 (WAT) -- [ERROR] Please close it and try again
Tue Aug 13 2024 08:48:57:223 GMT+0100 (WAT) -- [ERROR] SYS_CONFLICT:1001 https://browserstack.com/docs/local-testing/binary/errors/1001
Tue Aug 13 2024 08:48:57:225 GMT+0100 (WAT) -- You can learn more about BrowserStack Binary flags by running ./BrowserStackLocal --help
Tue Aug 13 2024 08:49:09:772 GMT+0100 (WAT) -- Starting configuration console on http://localhost:45454
Tue Aug 13 2024 08:49:22:997 GMT+0100 (WAT) -- [INFO] Started the BrowserStack Binary server on 45691, PID: 7167
Tue Aug 13 2024 08:49:30:553 GMT+0100 (WAT) -- [SUCCESS] You can now access your local server(s) in our remote browser

Tue Aug 13 2024 08:49:49:831 GMT+0100 (WAT) -- Press Ctrl-C to exit


